[2024-02-15 18:45:22 [32mINFO [0;39m restartedMain] [com.green.hoteldog.ProjectTestApplication] [36mStarting ProjectTestApplication using Java 17.0.8.1 with PID 13776 (D:\project3rd\project_3rd-master\build\classes\java\main started by Administrator in D:\project3rd\project_3rd-master)[0;39m
[2024-02-15 18:45:22 [32mINFO [0;39m restartedMain] [com.green.hoteldog.ProjectTestApplication] [36mThe following 1 profile is active: "jpa"[0;39m
[2024-02-15 18:45:22 [32mINFO [0;39m restartedMain] [org.springframework.boot.devtools.env.DevToolsPropertyDefaultsPostProcessor] [36mDevtools property defaults active! Set 'spring.devtools.add-properties' to 'false' to disable[0;39m
[2024-02-15 18:45:22 [32mINFO [0;39m restartedMain] [org.springframework.boot.devtools.env.DevToolsPropertyDefaultsPostProcessor] [36mFor additional web related logging consider setting the 'logging.level.web' property to 'DEBUG'[0;39m
[2024-02-15 18:45:23 [32mINFO [0;39m restartedMain] [org.springframework.data.repository.config.RepositoryConfigurationDelegate] [36mMultiple Spring Data modules found, entering strict repository configuration mode[0;39m
[2024-02-15 18:45:23 [32mINFO [0;39m restartedMain] [org.springframework.data.repository.config.RepositoryConfigurationDelegate] [36mBootstrapping Spring Data Redis repositories in DEFAULT mode.[0;39m
[2024-02-15 18:45:23 [32mINFO [0;39m restartedMain] [org.springframework.data.repository.config.RepositoryConfigurationDelegate] [36mFinished Spring Data repository scanning in 5 ms. Found 0 Redis repository interfaces.[0;39m
[2024-02-15 18:45:23 [32mINFO [0;39m restartedMain] [org.springframework.data.repository.config.RepositoryConfigurationDelegate] [36mMultiple Spring Data modules found, entering strict repository configuration mode[0;39m
[2024-02-15 18:45:23 [32mINFO [0;39m restartedMain] [org.springframework.data.repository.config.RepositoryConfigurationDelegate] [36mBootstrapping Spring Data JPA repositories in DEFAULT mode.[0;39m
[2024-02-15 18:45:23 [32mINFO [0;39m restartedMain] [org.springframework.data.repository.config.RepositoryConfigurationDelegate] [36mFinished Spring Data repository scanning in 7 ms. Found 0 JPA repository interfaces.[0;39m
[2024-02-15 18:45:23 [32mINFO [0;39m restartedMain] [org.springframework.data.repository.config.RepositoryConfigurationDelegate] [36mMultiple Spring Data modules found, entering strict repository configuration mode[0;39m
[2024-02-15 18:45:23 [32mINFO [0;39m restartedMain] [org.springframework.data.repository.config.RepositoryConfigurationDelegate] [36mBootstrapping Spring Data Redis repositories in DEFAULT mode.[0;39m
[2024-02-15 18:45:23 [32mINFO [0;39m restartedMain] [org.springframework.data.repository.config.RepositoryConfigurationDelegate] [36mFinished Spring Data repository scanning in 3 ms. Found 0 Redis repository interfaces.[0;39m
[2024-02-15 18:45:24 [32mINFO [0;39m restartedMain] [org.springframework.boot.web.embedded.tomcat.TomcatWebServer] [36mTomcat initialized with port 8080 (http)[0;39m
[2024-02-15 18:45:24 [32mINFO [0;39m restartedMain] [org.apache.coyote.http11.Http11NioProtocol] [36mInitializing ProtocolHandler ["http-nio-8080"][0;39m
[2024-02-15 18:45:24 [32mINFO [0;39m restartedMain] [org.apache.catalina.core.StandardService] [36mStarting service [Tomcat][0;39m
[2024-02-15 18:45:24 [32mINFO [0;39m restartedMain] [org.apache.catalina.core.StandardEngine] [36mStarting Servlet engine: [Apache Tomcat/10.1.18][0;39m
[2024-02-15 18:45:24 [32mINFO [0;39m restartedMain] [org.apache.catalina.core.ContainerBase.[Tomcat].[localhost].[/]] [36mInitializing Spring embedded WebApplicationContext[0;39m
[2024-02-15 18:45:24 [32mINFO [0;39m restartedMain] [org.springframework.boot.web.servlet.context.ServletWebServerApplicationContext] [36mRoot WebApplicationContext: initialization completed in 1335 ms[0;39m
[2024-02-15 18:45:24 [32mINFO [0;39m restartedMain] [org.hibernate.jpa.internal.util.LogHelper] [36mHHH000204: Processing PersistenceUnitInfo [name: default][0;39m
[2024-02-15 18:45:24 [32mINFO [0;39m restartedMain] [org.hibernate.Version] [36mHHH000412: Hibernate ORM core version 6.4.1.Final[0;39m
[2024-02-15 18:45:24 [32mINFO [0;39m restartedMain] [org.hibernate.cache.internal.RegionFactoryInitiator] [36mHHH000026: Second-level cache disabled[0;39m
[2024-02-15 18:45:24 [32mINFO [0;39m restartedMain] [org.springframework.orm.jpa.persistenceunit.SpringPersistenceUnitInfo] [36mNo LoadTimeWeaver setup: ignoring JPA class transformer[0;39m
[2024-02-15 18:45:24 [32mINFO [0;39m restartedMain] [com.zaxxer.hikari.HikariDataSource] [36mHikariPool-1 - Starting...[0;39m
[2024-02-15 18:45:24 [32mINFO [0;39m restartedMain] [log4jdbc.log4j2] [36m1. Connection opened. {executed in 50ms} [0;39m
[2024-02-15 18:45:24 [32mINFO [0;39m restartedMain] [log4jdbc.log4j2] [36m1. Connection.new Connection returned [0;39m
[2024-02-15 18:45:24 [32mINFO [0;39m restartedMain] [log4jdbc.log4j2] [36m1. Connection.getNetworkTimeout() returned 0[0;39m
[2024-02-15 18:45:24 [32mINFO [0;39m restartedMain] [log4jdbc.log4j2] [36m1. Connection.isReadOnly() returned false[0;39m
[2024-02-15 18:45:24 [32mINFO [0;39m restartedMain] [log4jdbc.log4j2] [36m1. Connection.getAutoCommit() returned true[0;39m
[2024-02-15 18:45:24 [32mINFO [0;39m restartedMain] [log4jdbc.log4j2] [36m1. Connection.isValid(1) returned true[0;39m
[2024-02-15 18:45:24 [32mINFO [0;39m restartedMain] [log4jdbc.log4j2] [36m1. Connection.getTransactionIsolation() returned 4[0;39m
[2024-02-15 18:45:24 [32mINFO [0;39m restartedMain] [com.zaxxer.hikari.pool.HikariPool] [36mHikariPool-1 - Added connection net.sf.log4jdbc.sql.jdbcapi.ConnectionSpy@3bf17729[0;39m
[2024-02-15 18:45:24 [32mINFO [0;39m restartedMain] [com.zaxxer.hikari.HikariDataSource] [36mHikariPool-1 - Start completed.[0;39m
[2024-02-15 18:45:24 [32mINFO [0;39m restartedMain] [log4jdbc.log4j2] [36m1. Connection.getMetaData() returned org.mariadb.jdbc.DatabaseMetaData@6d77c4fb[0;39m
[2024-02-15 18:45:24 [32mINFO [0;39m restartedMain] [log4jdbc.log4j2] [36m1. Statement.new Statement returned [0;39m
[2024-02-15 18:45:24 [32mINFO [0;39m restartedMain] [log4jdbc.log4j2] [36m1. Connection.createStatement() returned net.sf.log4jdbc.sql.jdbcapi.StatementSpy@65174dba[0;39m
[2024-02-15 18:45:24 [32mINFO [0;39m restartedMain] [log4jdbc.log4j2] [36m1. SELECT @@character_set_database, @@sql_mode  {executed in 1 ms}[0;39m
[2024-02-15 18:45:24 [32mINFO [0;39m restartedMain] [log4jdbc.log4j2] [36m1. ResultSet.new ResultSet returned [0;39m
[2024-02-15 18:45:24 [32mINFO [0;39m restartedMain] [log4jdbc.log4j2] [36m1. Statement.executeQuery(SELECT @@character_set_database, @@sql_mode) returned net.sf.log4jdbc.sql.jdbcapi.ResultSetSpy@2f94c91d[0;39m
[2024-02-15 18:45:24 [32mINFO [0;39m restartedMain] [log4jdbc.log4j2] [36m1. ResultSet.next() returned true[0;39m
[2024-02-15 18:45:24 [32mINFO [0;39m restartedMain] [log4jdbc.log4j2] [36m1. ResultSet.getString(1) returned utf8mb4[0;39m
[2024-02-15 18:45:24 [32mINFO [0;39m restartedMain] [log4jdbc.log4j2] [36m1. ResultSet.getString(2) returned IGNORE_SPACE,STRICT_TRANS_TABLES,ERROR_FOR_DIVISION_BY_ZERO,NO_AUTO_CREATE_USER,NO_ENGINE_SUBSTITUTION[0;39m
[2024-02-15 18:45:24 [32mINFO [0;39m restartedMain] [log4jdbc.log4j2] [36m1. Statement.close() returned [0;39m
[2024-02-15 18:45:24 [32mINFO [0;39m restartedMain] [log4jdbc.log4j2] [36m1. Connection.getCatalog() returned project3_jpa_test[0;39m
[2024-02-15 18:45:24 [32mINFO [0;39m restartedMain] [log4jdbc.log4j2] [36m1. Connection.getSchema() returned null[0;39m
[2024-02-15 18:45:24 [32mINFO [0;39m restartedMain] [log4jdbc.log4j2] [36m1. Connection.getSchema() returned null[0;39m
[2024-02-15 18:45:24 [32mINFO [0;39m restartedMain] [log4jdbc.log4j2] [36m1. Connection.getMetaData() returned org.mariadb.jdbc.DatabaseMetaData@2a96ffa3[0;39m
[2024-02-15 18:45:24 [32mINFO [0;39m restartedMain] [log4jdbc.log4j2] [36m1. Connection.createClob() returned [0;39m
[2024-02-15 18:45:24 [32mINFO [0;39m restartedMain] [log4jdbc.log4j2] [36m1. Connection.createNClob() returned [0;39m
[2024-02-15 18:45:24 [32mINFO [0;39m restartedMain] [log4jdbc.log4j2] [36m1. Connection.clearWarnings() returned [0;39m
[2024-02-15 18:45:24 [32mINFO [0;39m HikariPool-1 connection adder] [log4jdbc.log4j2] [36m2. Connection opened. {executed in 2ms} [0;39m
[2024-02-15 18:45:24 [32mINFO [0;39m HikariPool-1 connection adder] [log4jdbc.log4j2] [36m2. Connection.new Connection returned [0;39m
[2024-02-15 18:45:24 [32mINFO [0;39m HikariPool-1 connection adder] [log4jdbc.log4j2] [36m2. Connection.isReadOnly() returned false[0;39m
[2024-02-15 18:45:24 [32mINFO [0;39m HikariPool-1 connection adder] [log4jdbc.log4j2] [36m2. Connection.getAutoCommit() returned true[0;39m
[2024-02-15 18:45:24 [32mINFO [0;39m HikariPool-1 connection adder] [log4jdbc.log4j2] [36m3. Connection opened. {executed in 1ms} [0;39m
[2024-02-15 18:45:24 [32mINFO [0;39m HikariPool-1 connection adder] [log4jdbc.log4j2] [36m3. Connection.new Connection returned [0;39m
[2024-02-15 18:45:24 [32mINFO [0;39m HikariPool-1 connection adder] [log4jdbc.log4j2] [36m3. Connection.isReadOnly() returned false[0;39m
[2024-02-15 18:45:24 [32mINFO [0;39m HikariPool-1 connection adder] [log4jdbc.log4j2] [36m3. Connection.getAutoCommit() returned true[0;39m
[2024-02-15 18:45:24 [32mINFO [0;39m HikariPool-1 connection adder] [log4jdbc.log4j2] [36m4. Connection opened. {executed in 1ms} [0;39m
[2024-02-15 18:45:24 [32mINFO [0;39m HikariPool-1 connection adder] [log4jdbc.log4j2] [36m4. Connection.new Connection returned [0;39m
[2024-02-15 18:45:24 [32mINFO [0;39m HikariPool-1 connection adder] [log4jdbc.log4j2] [36m4. Connection.isReadOnly() returned false[0;39m
[2024-02-15 18:45:24 [32mINFO [0;39m HikariPool-1 connection adder] [log4jdbc.log4j2] [36m4. Connection.getAutoCommit() returned true[0;39m
[2024-02-15 18:45:24 [32mINFO [0;39m HikariPool-1 connection adder] [log4jdbc.log4j2] [36m5. Connection opened. {executed in 1ms} [0;39m
[2024-02-15 18:45:24 [32mINFO [0;39m HikariPool-1 connection adder] [log4jdbc.log4j2] [36m5. Connection.new Connection returned [0;39m
[2024-02-15 18:45:24 [32mINFO [0;39m HikariPool-1 connection adder] [log4jdbc.log4j2] [36m5. Connection.isReadOnly() returned false[0;39m
[2024-02-15 18:45:24 [32mINFO [0;39m HikariPool-1 connection adder] [log4jdbc.log4j2] [36m5. Connection.getAutoCommit() returned true[0;39m
[2024-02-15 18:45:24 [31mERROR[0;39m restartedMain] [org.springframework.orm.jpa.LocalContainerEntityManagerFactoryBean] [36mFailed to initialize JPA EntityManagerFactory: Entity 'com.green.hoteldog.common.entity.HotelAdvertiseEntity' has no identifier (every '@Entity' class must declare or inherit at least one '@Id' or '@EmbeddedId' property)[0;39m
[2024-02-15 18:45:24 [33mWARN [0;39m restartedMain] [org.springframework.boot.web.servlet.context.AnnotationConfigServletWebServerApplicationContext] [36mException encountered during context initialization - cancelling refresh attempt: org.springframework.beans.factory.BeanCreationException: Error creating bean with name 'entityManagerFactory' defined in class path resource [org/springframework/boot/autoconfigure/orm/jpa/HibernateJpaConfiguration.class]: Entity 'com.green.hoteldog.common.entity.HotelAdvertiseEntity' has no identifier (every '@Entity' class must declare or inherit at least one '@Id' or '@EmbeddedId' property)[0;39m
[2024-02-15 18:45:24 [32mINFO [0;39m restartedMain] [com.zaxxer.hikari.HikariDataSource] [36mHikariPool-1 - Shutdown initiated...[0;39m
[2024-02-15 18:45:24 [32mINFO [0;39m HikariPool-1 connection closer] [log4jdbc.log4j2] [36m1. Connection closed. {executed in 1ms} [0;39m
[2024-02-15 18:45:24 [32mINFO [0;39m HikariPool-1 connection closer] [log4jdbc.log4j2] [36m1. Connection.close() returned [0;39m
[2024-02-15 18:45:24 [32mINFO [0;39m HikariPool-1 connection closer] [log4jdbc.log4j2] [36m2. Connection closed. {executed in 0ms} [0;39m
[2024-02-15 18:45:24 [32mINFO [0;39m HikariPool-1 connection closer] [log4jdbc.log4j2] [36m2. Connection.close() returned [0;39m
[2024-02-15 18:45:24 [32mINFO [0;39m HikariPool-1 connection closer] [log4jdbc.log4j2] [36m3. Connection closed. {executed in 0ms} [0;39m
[2024-02-15 18:45:24 [32mINFO [0;39m HikariPool-1 connection closer] [log4jdbc.log4j2] [36m3. Connection.close() returned [0;39m
[2024-02-15 18:45:24 [32mINFO [0;39m HikariPool-1 connection closer] [log4jdbc.log4j2] [36m4. Connection closed. {executed in 0ms} [0;39m
[2024-02-15 18:45:24 [32mINFO [0;39m HikariPool-1 connection closer] [log4jdbc.log4j2] [36m4. Connection.close() returned [0;39m
[2024-02-15 18:45:24 [32mINFO [0;39m HikariPool-1 connection closer] [log4jdbc.log4j2] [36m5. Connection closed. {executed in 0ms} [0;39m
[2024-02-15 18:45:24 [32mINFO [0;39m HikariPool-1 connection closer] [log4jdbc.log4j2] [36m5. Connection.close() returned [0;39m
[2024-02-15 18:45:24 [32mINFO [0;39m restartedMain] [com.zaxxer.hikari.HikariDataSource] [36mHikariPool-1 - Shutdown completed.[0;39m
[2024-02-15 18:45:24 [32mINFO [0;39m restartedMain] [org.apache.catalina.core.StandardService] [36mStopping service [Tomcat][0;39m
[2024-02-15 18:45:24 [32mINFO [0;39m restartedMain] [org.springframework.boot.autoconfigure.logging.ConditionEvaluationReportLogger] [36m

Error starting ApplicationContext. To display the condition evaluation report re-run your application with 'debug' enabled.[0;39m
[2024-02-15 18:45:24 [31mERROR[0;39m restartedMain] [org.springframework.boot.SpringApplication] [36mApplication run failed[0;39m
org.springframework.beans.factory.BeanCreationException: Error creating bean with name 'entityManagerFactory' defined in class path resource [org/springframework/boot/autoconfigure/orm/jpa/HibernateJpaConfiguration.class]: Entity 'com.green.hoteldog.common.entity.HotelAdvertiseEntity' has no identifier (every '@Entity' class must declare or inherit at least one '@Id' or '@EmbeddedId' property)
	at org.springframework.beans.factory.support.AbstractAutowireCapableBeanFactory.initializeBean(AbstractAutowireCapableBeanFactory.java:1773)
	at org.springframework.beans.factory.support.AbstractAutowireCapableBeanFactory.doCreateBean(AbstractAutowireCapableBeanFactory.java:599)
	at org.springframework.beans.factory.support.AbstractAutowireCapableBeanFactory.createBean(AbstractAutowireCapableBeanFactory.java:521)
	at org.springframework.beans.factory.support.AbstractBeanFactory.lambda$doGetBean$0(AbstractBeanFactory.java:325)
	at org.springframework.beans.factory.support.DefaultSingletonBeanRegistry.getSingleton(DefaultSingletonBeanRegistry.java:234)
	at org.springframework.beans.factory.support.AbstractBeanFactory.doGetBean(AbstractBeanFactory.java:323)
	at org.springframework.beans.factory.support.AbstractBeanFactory.getBean(AbstractBeanFactory.java:199)
	at org.springframework.context.support.AbstractApplicationContext.getBean(AbstractApplicationContext.java:1231)
	at org.springframework.context.support.AbstractApplicationContext.finishBeanFactoryInitialization(AbstractApplicationContext.java:949)
	at org.springframework.context.support.AbstractApplicationContext.refresh(AbstractApplicationContext.java:624)
	at org.springframework.boot.web.servlet.context.ServletWebServerApplicationContext.refresh(ServletWebServerApplicationContext.java:146)
	at org.springframework.boot.SpringApplication.refresh(SpringApplication.java:754)
	at org.springframework.boot.SpringApplication.refreshContext(SpringApplication.java:456)
	at org.springframework.boot.SpringApplication.run(SpringApplication.java:334)
	at org.springframework.boot.SpringApplication.run(SpringApplication.java:1354)
	at org.springframework.boot.SpringApplication.run(SpringApplication.java:1343)
	at com.green.hoteldog.ProjectTestApplication.main(ProjectTestApplication.java:10)
	at java.base/jdk.internal.reflect.NativeMethodAccessorImpl.invoke0(Native Method)
	at java.base/jdk.internal.reflect.NativeMethodAccessorImpl.invoke(NativeMethodAccessorImpl.java:77)
	at java.base/jdk.internal.reflect.DelegatingMethodAccessorImpl.invoke(DelegatingMethodAccessorImpl.java:43)
	at java.base/java.lang.reflect.Method.invoke(Method.java:568)
	at org.springframework.boot.devtools.restart.RestartLauncher.run(RestartLauncher.java:50)
Caused by: org.hibernate.AnnotationException: Entity 'com.green.hoteldog.common.entity.HotelAdvertiseEntity' has no identifier (every '@Entity' class must declare or inherit at least one '@Id' or '@EmbeddedId' property)
	at org.hibernate.boot.model.internal.InheritanceState.determineDefaultAccessType(InheritanceState.java:279)
	at org.hibernate.boot.model.internal.InheritanceState.getElementsToProcess(InheritanceState.java:215)
	at org.hibernate.boot.model.internal.InheritanceState.postProcess(InheritanceState.java:160)
	at org.hibernate.boot.model.internal.EntityBinder.handleIdentifier(EntityBinder.java:345)
	at org.hibernate.boot.model.internal.EntityBinder.bindEntityClass(EntityBinder.java:234)
	at org.hibernate.boot.model.internal.AnnotationBinder.bindClass(AnnotationBinder.java:423)
	at org.hibernate.boot.model.source.internal.annotations.AnnotationMetadataSourceProcessorImpl.processEntityHierarchies(AnnotationMetadataSourceProcessorImpl.java:256)
	at org.hibernate.boot.model.process.spi.MetadataBuildingProcess$1.processEntityHierarchies(MetadataBuildingProcess.java:279)
	at org.hibernate.boot.model.process.spi.MetadataBuildingProcess.complete(MetadataBuildingProcess.java:322)
	at org.hibernate.jpa.boot.internal.EntityManagerFactoryBuilderImpl.metadata(EntityManagerFactoryBuilderImpl.java:1432)
	at org.hibernate.jpa.boot.internal.EntityManagerFactoryBuilderImpl.build(EntityManagerFactoryBuilderImpl.java:1503)
	at org.springframework.orm.jpa.vendor.SpringHibernateJpaPersistenceProvider.createContainerEntityManagerFactory(SpringHibernateJpaPersistenceProvider.java:75)
	at org.springframework.orm.jpa.LocalContainerEntityManagerFactoryBean.createNativeEntityManagerFactory(LocalContainerEntityManagerFactoryBean.java:376)
	at org.springframework.orm.jpa.AbstractEntityManagerFactoryBean.buildNativeEntityManagerFactory(AbstractEntityManagerFactoryBean.java:409)
	at org.springframework.orm.jpa.AbstractEntityManagerFactoryBean.afterPropertiesSet(AbstractEntityManagerFactoryBean.java:396)
	at org.springframework.orm.jpa.LocalContainerEntityManagerFactoryBean.afterPropertiesSet(LocalContainerEntityManagerFactoryBean.java:352)
	at org.springframework.beans.factory.support.AbstractAutowireCapableBeanFactory.invokeInitMethods(AbstractAutowireCapableBeanFactory.java:1820)
	at org.springframework.beans.factory.support.AbstractAutowireCapableBeanFactory.initializeBean(AbstractAutowireCapableBeanFactory.java:1769)
	... 21 common frames omitted
